                              1 ;--------------------------------------------------------
                              2 ; File Created by SDCC : free open source ANSI-C Compiler
                              3 ; Version 3.1.0 #7066 (Nov 22 2011) (MINGW32)
                              4 ; This file was generated Sat Jan 23 21:06:11 2016
                              5 ;--------------------------------------------------------
                              6 	.module random_from_adc
                              7 	.optsdcc -mmcs51 --model-medium
                              8 	
                              9 ;--------------------------------------------------------
                             10 ; Public variables in this module
                             11 ;--------------------------------------------------------
                             12 	.globl _randomSeed
                             13 	.globl _randomSeedFromAdc
                             14 ;--------------------------------------------------------
                             15 ; special function registers
                             16 ;--------------------------------------------------------
                             17 	.area RSEG    (ABS,DATA)
   0000                      18 	.org 0x0000
                    0080     19 Frandom_from_adc$P0$0$0 == 0x0080
                    0080     20 _P0	=	0x0080
                    0081     21 Frandom_from_adc$SP$0$0 == 0x0081
                    0081     22 _SP	=	0x0081
                    0082     23 Frandom_from_adc$DPL0$0$0 == 0x0082
                    0082     24 _DPL0	=	0x0082
                    0083     25 Frandom_from_adc$DPH0$0$0 == 0x0083
                    0083     26 _DPH0	=	0x0083
                    0084     27 Frandom_from_adc$DPL1$0$0 == 0x0084
                    0084     28 _DPL1	=	0x0084
                    0085     29 Frandom_from_adc$DPH1$0$0 == 0x0085
                    0085     30 _DPH1	=	0x0085
                    0086     31 Frandom_from_adc$U0CSR$0$0 == 0x0086
                    0086     32 _U0CSR	=	0x0086
                    0087     33 Frandom_from_adc$PCON$0$0 == 0x0087
                    0087     34 _PCON	=	0x0087
                    0088     35 Frandom_from_adc$TCON$0$0 == 0x0088
                    0088     36 _TCON	=	0x0088
                    0089     37 Frandom_from_adc$P0IFG$0$0 == 0x0089
                    0089     38 _P0IFG	=	0x0089
                    008A     39 Frandom_from_adc$P1IFG$0$0 == 0x008a
                    008A     40 _P1IFG	=	0x008a
                    008B     41 Frandom_from_adc$P2IFG$0$0 == 0x008b
                    008B     42 _P2IFG	=	0x008b
                    008C     43 Frandom_from_adc$PICTL$0$0 == 0x008c
                    008C     44 _PICTL	=	0x008c
                    008D     45 Frandom_from_adc$P1IEN$0$0 == 0x008d
                    008D     46 _P1IEN	=	0x008d
                    008F     47 Frandom_from_adc$P0INP$0$0 == 0x008f
                    008F     48 _P0INP	=	0x008f
                    0090     49 Frandom_from_adc$P1$0$0 == 0x0090
                    0090     50 _P1	=	0x0090
                    0091     51 Frandom_from_adc$RFIM$0$0 == 0x0091
                    0091     52 _RFIM	=	0x0091
                    0092     53 Frandom_from_adc$DPS$0$0 == 0x0092
                    0092     54 _DPS	=	0x0092
                    0093     55 Frandom_from_adc$MPAGE$0$0 == 0x0093
                    0093     56 _MPAGE	=	0x0093
                    0095     57 Frandom_from_adc$ENDIAN$0$0 == 0x0095
                    0095     58 _ENDIAN	=	0x0095
                    0098     59 Frandom_from_adc$S0CON$0$0 == 0x0098
                    0098     60 _S0CON	=	0x0098
                    009A     61 Frandom_from_adc$IEN2$0$0 == 0x009a
                    009A     62 _IEN2	=	0x009a
                    009B     63 Frandom_from_adc$S1CON$0$0 == 0x009b
                    009B     64 _S1CON	=	0x009b
                    009C     65 Frandom_from_adc$T2CT$0$0 == 0x009c
                    009C     66 _T2CT	=	0x009c
                    009D     67 Frandom_from_adc$T2PR$0$0 == 0x009d
                    009D     68 _T2PR	=	0x009d
                    009E     69 Frandom_from_adc$T2CTL$0$0 == 0x009e
                    009E     70 _T2CTL	=	0x009e
                    00A0     71 Frandom_from_adc$P2$0$0 == 0x00a0
                    00A0     72 _P2	=	0x00a0
                    00A1     73 Frandom_from_adc$WORIRQ$0$0 == 0x00a1
                    00A1     74 _WORIRQ	=	0x00a1
                    00A2     75 Frandom_from_adc$WORCTRL$0$0 == 0x00a2
                    00A2     76 _WORCTRL	=	0x00a2
                    00A3     77 Frandom_from_adc$WOREVT0$0$0 == 0x00a3
                    00A3     78 _WOREVT0	=	0x00a3
                    00A4     79 Frandom_from_adc$WOREVT1$0$0 == 0x00a4
                    00A4     80 _WOREVT1	=	0x00a4
                    00A5     81 Frandom_from_adc$WORTIME0$0$0 == 0x00a5
                    00A5     82 _WORTIME0	=	0x00a5
                    00A6     83 Frandom_from_adc$WORTIME1$0$0 == 0x00a6
                    00A6     84 _WORTIME1	=	0x00a6
                    00A8     85 Frandom_from_adc$IEN0$0$0 == 0x00a8
                    00A8     86 _IEN0	=	0x00a8
                    00A9     87 Frandom_from_adc$IP0$0$0 == 0x00a9
                    00A9     88 _IP0	=	0x00a9
                    00AB     89 Frandom_from_adc$FWT$0$0 == 0x00ab
                    00AB     90 _FWT	=	0x00ab
                    00AC     91 Frandom_from_adc$FADDRL$0$0 == 0x00ac
                    00AC     92 _FADDRL	=	0x00ac
                    00AD     93 Frandom_from_adc$FADDRH$0$0 == 0x00ad
                    00AD     94 _FADDRH	=	0x00ad
                    00AE     95 Frandom_from_adc$FCTL$0$0 == 0x00ae
                    00AE     96 _FCTL	=	0x00ae
                    00AF     97 Frandom_from_adc$FWDATA$0$0 == 0x00af
                    00AF     98 _FWDATA	=	0x00af
                    00B1     99 Frandom_from_adc$ENCDI$0$0 == 0x00b1
                    00B1    100 _ENCDI	=	0x00b1
                    00B2    101 Frandom_from_adc$ENCDO$0$0 == 0x00b2
                    00B2    102 _ENCDO	=	0x00b2
                    00B3    103 Frandom_from_adc$ENCCS$0$0 == 0x00b3
                    00B3    104 _ENCCS	=	0x00b3
                    00B4    105 Frandom_from_adc$ADCCON1$0$0 == 0x00b4
                    00B4    106 _ADCCON1	=	0x00b4
                    00B5    107 Frandom_from_adc$ADCCON2$0$0 == 0x00b5
                    00B5    108 _ADCCON2	=	0x00b5
                    00B6    109 Frandom_from_adc$ADCCON3$0$0 == 0x00b6
                    00B6    110 _ADCCON3	=	0x00b6
                    00B8    111 Frandom_from_adc$IEN1$0$0 == 0x00b8
                    00B8    112 _IEN1	=	0x00b8
                    00B9    113 Frandom_from_adc$IP1$0$0 == 0x00b9
                    00B9    114 _IP1	=	0x00b9
                    00BA    115 Frandom_from_adc$ADCL$0$0 == 0x00ba
                    00BA    116 _ADCL	=	0x00ba
                    00BB    117 Frandom_from_adc$ADCH$0$0 == 0x00bb
                    00BB    118 _ADCH	=	0x00bb
                    00BC    119 Frandom_from_adc$RNDL$0$0 == 0x00bc
                    00BC    120 _RNDL	=	0x00bc
                    00BD    121 Frandom_from_adc$RNDH$0$0 == 0x00bd
                    00BD    122 _RNDH	=	0x00bd
                    00BE    123 Frandom_from_adc$SLEEP$0$0 == 0x00be
                    00BE    124 _SLEEP	=	0x00be
                    00C0    125 Frandom_from_adc$IRCON$0$0 == 0x00c0
                    00C0    126 _IRCON	=	0x00c0
                    00C1    127 Frandom_from_adc$U0DBUF$0$0 == 0x00c1
                    00C1    128 _U0DBUF	=	0x00c1
                    00C2    129 Frandom_from_adc$U0BAUD$0$0 == 0x00c2
                    00C2    130 _U0BAUD	=	0x00c2
                    00C4    131 Frandom_from_adc$U0UCR$0$0 == 0x00c4
                    00C4    132 _U0UCR	=	0x00c4
                    00C5    133 Frandom_from_adc$U0GCR$0$0 == 0x00c5
                    00C5    134 _U0GCR	=	0x00c5
                    00C6    135 Frandom_from_adc$CLKCON$0$0 == 0x00c6
                    00C6    136 _CLKCON	=	0x00c6
                    00C7    137 Frandom_from_adc$MEMCTR$0$0 == 0x00c7
                    00C7    138 _MEMCTR	=	0x00c7
                    00C9    139 Frandom_from_adc$WDCTL$0$0 == 0x00c9
                    00C9    140 _WDCTL	=	0x00c9
                    00CA    141 Frandom_from_adc$T3CNT$0$0 == 0x00ca
                    00CA    142 _T3CNT	=	0x00ca
                    00CB    143 Frandom_from_adc$T3CTL$0$0 == 0x00cb
                    00CB    144 _T3CTL	=	0x00cb
                    00CC    145 Frandom_from_adc$T3CCTL0$0$0 == 0x00cc
                    00CC    146 _T3CCTL0	=	0x00cc
                    00CD    147 Frandom_from_adc$T3CC0$0$0 == 0x00cd
                    00CD    148 _T3CC0	=	0x00cd
                    00CE    149 Frandom_from_adc$T3CCTL1$0$0 == 0x00ce
                    00CE    150 _T3CCTL1	=	0x00ce
                    00CF    151 Frandom_from_adc$T3CC1$0$0 == 0x00cf
                    00CF    152 _T3CC1	=	0x00cf
                    00D0    153 Frandom_from_adc$PSW$0$0 == 0x00d0
                    00D0    154 _PSW	=	0x00d0
                    00D1    155 Frandom_from_adc$DMAIRQ$0$0 == 0x00d1
                    00D1    156 _DMAIRQ	=	0x00d1
                    00D2    157 Frandom_from_adc$DMA1CFGL$0$0 == 0x00d2
                    00D2    158 _DMA1CFGL	=	0x00d2
                    00D3    159 Frandom_from_adc$DMA1CFGH$0$0 == 0x00d3
                    00D3    160 _DMA1CFGH	=	0x00d3
                    00D4    161 Frandom_from_adc$DMA0CFGL$0$0 == 0x00d4
                    00D4    162 _DMA0CFGL	=	0x00d4
                    00D5    163 Frandom_from_adc$DMA0CFGH$0$0 == 0x00d5
                    00D5    164 _DMA0CFGH	=	0x00d5
                    00D6    165 Frandom_from_adc$DMAARM$0$0 == 0x00d6
                    00D6    166 _DMAARM	=	0x00d6
                    00D7    167 Frandom_from_adc$DMAREQ$0$0 == 0x00d7
                    00D7    168 _DMAREQ	=	0x00d7
                    00D8    169 Frandom_from_adc$TIMIF$0$0 == 0x00d8
                    00D8    170 _TIMIF	=	0x00d8
                    00D9    171 Frandom_from_adc$RFD$0$0 == 0x00d9
                    00D9    172 _RFD	=	0x00d9
                    00DA    173 Frandom_from_adc$T1CC0L$0$0 == 0x00da
                    00DA    174 _T1CC0L	=	0x00da
                    00DB    175 Frandom_from_adc$T1CC0H$0$0 == 0x00db
                    00DB    176 _T1CC0H	=	0x00db
                    00DC    177 Frandom_from_adc$T1CC1L$0$0 == 0x00dc
                    00DC    178 _T1CC1L	=	0x00dc
                    00DD    179 Frandom_from_adc$T1CC1H$0$0 == 0x00dd
                    00DD    180 _T1CC1H	=	0x00dd
                    00DE    181 Frandom_from_adc$T1CC2L$0$0 == 0x00de
                    00DE    182 _T1CC2L	=	0x00de
                    00DF    183 Frandom_from_adc$T1CC2H$0$0 == 0x00df
                    00DF    184 _T1CC2H	=	0x00df
                    00E0    185 Frandom_from_adc$ACC$0$0 == 0x00e0
                    00E0    186 _ACC	=	0x00e0
                    00E1    187 Frandom_from_adc$RFST$0$0 == 0x00e1
                    00E1    188 _RFST	=	0x00e1
                    00E2    189 Frandom_from_adc$T1CNTL$0$0 == 0x00e2
                    00E2    190 _T1CNTL	=	0x00e2
                    00E3    191 Frandom_from_adc$T1CNTH$0$0 == 0x00e3
                    00E3    192 _T1CNTH	=	0x00e3
                    00E4    193 Frandom_from_adc$T1CTL$0$0 == 0x00e4
                    00E4    194 _T1CTL	=	0x00e4
                    00E5    195 Frandom_from_adc$T1CCTL0$0$0 == 0x00e5
                    00E5    196 _T1CCTL0	=	0x00e5
                    00E6    197 Frandom_from_adc$T1CCTL1$0$0 == 0x00e6
                    00E6    198 _T1CCTL1	=	0x00e6
                    00E7    199 Frandom_from_adc$T1CCTL2$0$0 == 0x00e7
                    00E7    200 _T1CCTL2	=	0x00e7
                    00E8    201 Frandom_from_adc$IRCON2$0$0 == 0x00e8
                    00E8    202 _IRCON2	=	0x00e8
                    00E9    203 Frandom_from_adc$RFIF$0$0 == 0x00e9
                    00E9    204 _RFIF	=	0x00e9
                    00EA    205 Frandom_from_adc$T4CNT$0$0 == 0x00ea
                    00EA    206 _T4CNT	=	0x00ea
                    00EB    207 Frandom_from_adc$T4CTL$0$0 == 0x00eb
                    00EB    208 _T4CTL	=	0x00eb
                    00EC    209 Frandom_from_adc$T4CCTL0$0$0 == 0x00ec
                    00EC    210 _T4CCTL0	=	0x00ec
                    00ED    211 Frandom_from_adc$T4CC0$0$0 == 0x00ed
                    00ED    212 _T4CC0	=	0x00ed
                    00EE    213 Frandom_from_adc$T4CCTL1$0$0 == 0x00ee
                    00EE    214 _T4CCTL1	=	0x00ee
                    00EF    215 Frandom_from_adc$T4CC1$0$0 == 0x00ef
                    00EF    216 _T4CC1	=	0x00ef
                    00F0    217 Frandom_from_adc$B$0$0 == 0x00f0
                    00F0    218 _B	=	0x00f0
                    00F1    219 Frandom_from_adc$PERCFG$0$0 == 0x00f1
                    00F1    220 _PERCFG	=	0x00f1
                    00F2    221 Frandom_from_adc$ADCCFG$0$0 == 0x00f2
                    00F2    222 _ADCCFG	=	0x00f2
                    00F3    223 Frandom_from_adc$P0SEL$0$0 == 0x00f3
                    00F3    224 _P0SEL	=	0x00f3
                    00F4    225 Frandom_from_adc$P1SEL$0$0 == 0x00f4
                    00F4    226 _P1SEL	=	0x00f4
                    00F5    227 Frandom_from_adc$P2SEL$0$0 == 0x00f5
                    00F5    228 _P2SEL	=	0x00f5
                    00F6    229 Frandom_from_adc$P1INP$0$0 == 0x00f6
                    00F6    230 _P1INP	=	0x00f6
                    00F7    231 Frandom_from_adc$P2INP$0$0 == 0x00f7
                    00F7    232 _P2INP	=	0x00f7
                    00F8    233 Frandom_from_adc$U1CSR$0$0 == 0x00f8
                    00F8    234 _U1CSR	=	0x00f8
                    00F9    235 Frandom_from_adc$U1DBUF$0$0 == 0x00f9
                    00F9    236 _U1DBUF	=	0x00f9
                    00FA    237 Frandom_from_adc$U1BAUD$0$0 == 0x00fa
                    00FA    238 _U1BAUD	=	0x00fa
                    00FB    239 Frandom_from_adc$U1UCR$0$0 == 0x00fb
                    00FB    240 _U1UCR	=	0x00fb
                    00FC    241 Frandom_from_adc$U1GCR$0$0 == 0x00fc
                    00FC    242 _U1GCR	=	0x00fc
                    00FD    243 Frandom_from_adc$P0DIR$0$0 == 0x00fd
                    00FD    244 _P0DIR	=	0x00fd
                    00FE    245 Frandom_from_adc$P1DIR$0$0 == 0x00fe
                    00FE    246 _P1DIR	=	0x00fe
                    00FF    247 Frandom_from_adc$P2DIR$0$0 == 0x00ff
                    00FF    248 _P2DIR	=	0x00ff
                    FFFFD5D4    249 Frandom_from_adc$DMA0CFG$0$0 == 0xffffd5d4
                    FFFFD5D4    250 _DMA0CFG	=	0xffffd5d4
                    FFFFD3D2    251 Frandom_from_adc$DMA1CFG$0$0 == 0xffffd3d2
                    FFFFD3D2    252 _DMA1CFG	=	0xffffd3d2
                    FFFFADAC    253 Frandom_from_adc$FADDR$0$0 == 0xffffadac
                    FFFFADAC    254 _FADDR	=	0xffffadac
                    FFFFBBBA    255 Frandom_from_adc$ADC$0$0 == 0xffffbbba
                    FFFFBBBA    256 _ADC	=	0xffffbbba
                    FFFFDBDA    257 Frandom_from_adc$T1CC0$0$0 == 0xffffdbda
                    FFFFDBDA    258 _T1CC0	=	0xffffdbda
                    FFFFDDDC    259 Frandom_from_adc$T1CC1$0$0 == 0xffffdddc
                    FFFFDDDC    260 _T1CC1	=	0xffffdddc
                    FFFFDFDE    261 Frandom_from_adc$T1CC2$0$0 == 0xffffdfde
                    FFFFDFDE    262 _T1CC2	=	0xffffdfde
                            263 ;--------------------------------------------------------
                            264 ; special function bits
                            265 ;--------------------------------------------------------
                            266 	.area RSEG    (ABS,DATA)
   0000                     267 	.org 0x0000
                    0080    268 Frandom_from_adc$P0_0$0$0 == 0x0080
                    0080    269 _P0_0	=	0x0080
                    0081    270 Frandom_from_adc$P0_1$0$0 == 0x0081
                    0081    271 _P0_1	=	0x0081
                    0082    272 Frandom_from_adc$P0_2$0$0 == 0x0082
                    0082    273 _P0_2	=	0x0082
                    0083    274 Frandom_from_adc$P0_3$0$0 == 0x0083
                    0083    275 _P0_3	=	0x0083
                    0084    276 Frandom_from_adc$P0_4$0$0 == 0x0084
                    0084    277 _P0_4	=	0x0084
                    0085    278 Frandom_from_adc$P0_5$0$0 == 0x0085
                    0085    279 _P0_5	=	0x0085
                    0086    280 Frandom_from_adc$P0_6$0$0 == 0x0086
                    0086    281 _P0_6	=	0x0086
                    0087    282 Frandom_from_adc$P0_7$0$0 == 0x0087
                    0087    283 _P0_7	=	0x0087
                    0088    284 Frandom_from_adc$_TCON_0$0$0 == 0x0088
                    0088    285 __TCON_0	=	0x0088
                    0089    286 Frandom_from_adc$RFTXRXIF$0$0 == 0x0089
                    0089    287 _RFTXRXIF	=	0x0089
                    008A    288 Frandom_from_adc$_TCON_2$0$0 == 0x008a
                    008A    289 __TCON_2	=	0x008a
                    008B    290 Frandom_from_adc$URX0IF$0$0 == 0x008b
                    008B    291 _URX0IF	=	0x008b
                    008C    292 Frandom_from_adc$_TCON_4$0$0 == 0x008c
                    008C    293 __TCON_4	=	0x008c
                    008D    294 Frandom_from_adc$ADCIF$0$0 == 0x008d
                    008D    295 _ADCIF	=	0x008d
                    008E    296 Frandom_from_adc$_TCON_6$0$0 == 0x008e
                    008E    297 __TCON_6	=	0x008e
                    008F    298 Frandom_from_adc$URX1IF$0$0 == 0x008f
                    008F    299 _URX1IF	=	0x008f
                    0090    300 Frandom_from_adc$P1_0$0$0 == 0x0090
                    0090    301 _P1_0	=	0x0090
                    0091    302 Frandom_from_adc$P1_1$0$0 == 0x0091
                    0091    303 _P1_1	=	0x0091
                    0092    304 Frandom_from_adc$P1_2$0$0 == 0x0092
                    0092    305 _P1_2	=	0x0092
                    0093    306 Frandom_from_adc$P1_3$0$0 == 0x0093
                    0093    307 _P1_3	=	0x0093
                    0094    308 Frandom_from_adc$P1_4$0$0 == 0x0094
                    0094    309 _P1_4	=	0x0094
                    0095    310 Frandom_from_adc$P1_5$0$0 == 0x0095
                    0095    311 _P1_5	=	0x0095
                    0096    312 Frandom_from_adc$P1_6$0$0 == 0x0096
                    0096    313 _P1_6	=	0x0096
                    0097    314 Frandom_from_adc$P1_7$0$0 == 0x0097
                    0097    315 _P1_7	=	0x0097
                    0098    316 Frandom_from_adc$ENCIF_0$0$0 == 0x0098
                    0098    317 _ENCIF_0	=	0x0098
                    0099    318 Frandom_from_adc$ENCIF_1$0$0 == 0x0099
                    0099    319 _ENCIF_1	=	0x0099
                    009A    320 Frandom_from_adc$_SOCON2$0$0 == 0x009a
                    009A    321 __SOCON2	=	0x009a
                    009B    322 Frandom_from_adc$_SOCON3$0$0 == 0x009b
                    009B    323 __SOCON3	=	0x009b
                    009C    324 Frandom_from_adc$_SOCON4$0$0 == 0x009c
                    009C    325 __SOCON4	=	0x009c
                    009D    326 Frandom_from_adc$_SOCON5$0$0 == 0x009d
                    009D    327 __SOCON5	=	0x009d
                    009E    328 Frandom_from_adc$_SOCON6$0$0 == 0x009e
                    009E    329 __SOCON6	=	0x009e
                    009F    330 Frandom_from_adc$_SOCON7$0$0 == 0x009f
                    009F    331 __SOCON7	=	0x009f
                    00A0    332 Frandom_from_adc$P2_0$0$0 == 0x00a0
                    00A0    333 _P2_0	=	0x00a0
                    00A1    334 Frandom_from_adc$P2_1$0$0 == 0x00a1
                    00A1    335 _P2_1	=	0x00a1
                    00A2    336 Frandom_from_adc$P2_2$0$0 == 0x00a2
                    00A2    337 _P2_2	=	0x00a2
                    00A3    338 Frandom_from_adc$P2_3$0$0 == 0x00a3
                    00A3    339 _P2_3	=	0x00a3
                    00A4    340 Frandom_from_adc$P2_4$0$0 == 0x00a4
                    00A4    341 _P2_4	=	0x00a4
                    00A5    342 Frandom_from_adc$P2_5$0$0 == 0x00a5
                    00A5    343 _P2_5	=	0x00a5
                    00A6    344 Frandom_from_adc$P2_6$0$0 == 0x00a6
                    00A6    345 _P2_6	=	0x00a6
                    00A7    346 Frandom_from_adc$P2_7$0$0 == 0x00a7
                    00A7    347 _P2_7	=	0x00a7
                    00A8    348 Frandom_from_adc$RFTXRXIE$0$0 == 0x00a8
                    00A8    349 _RFTXRXIE	=	0x00a8
                    00A9    350 Frandom_from_adc$ADCIE$0$0 == 0x00a9
                    00A9    351 _ADCIE	=	0x00a9
                    00AA    352 Frandom_from_adc$URX0IE$0$0 == 0x00aa
                    00AA    353 _URX0IE	=	0x00aa
                    00AB    354 Frandom_from_adc$URX1IE$0$0 == 0x00ab
                    00AB    355 _URX1IE	=	0x00ab
                    00AC    356 Frandom_from_adc$ENCIE$0$0 == 0x00ac
                    00AC    357 _ENCIE	=	0x00ac
                    00AD    358 Frandom_from_adc$STIE$0$0 == 0x00ad
                    00AD    359 _STIE	=	0x00ad
                    00AE    360 Frandom_from_adc$_IEN06$0$0 == 0x00ae
                    00AE    361 __IEN06	=	0x00ae
                    00AF    362 Frandom_from_adc$EA$0$0 == 0x00af
                    00AF    363 _EA	=	0x00af
                    00B8    364 Frandom_from_adc$DMAIE$0$0 == 0x00b8
                    00B8    365 _DMAIE	=	0x00b8
                    00B9    366 Frandom_from_adc$T1IE$0$0 == 0x00b9
                    00B9    367 _T1IE	=	0x00b9
                    00BA    368 Frandom_from_adc$T2IE$0$0 == 0x00ba
                    00BA    369 _T2IE	=	0x00ba
                    00BB    370 Frandom_from_adc$T3IE$0$0 == 0x00bb
                    00BB    371 _T3IE	=	0x00bb
                    00BC    372 Frandom_from_adc$T4IE$0$0 == 0x00bc
                    00BC    373 _T4IE	=	0x00bc
                    00BD    374 Frandom_from_adc$P0IE$0$0 == 0x00bd
                    00BD    375 _P0IE	=	0x00bd
                    00BE    376 Frandom_from_adc$_IEN16$0$0 == 0x00be
                    00BE    377 __IEN16	=	0x00be
                    00BF    378 Frandom_from_adc$_IEN17$0$0 == 0x00bf
                    00BF    379 __IEN17	=	0x00bf
                    00C0    380 Frandom_from_adc$DMAIF$0$0 == 0x00c0
                    00C0    381 _DMAIF	=	0x00c0
                    00C1    382 Frandom_from_adc$T1IF$0$0 == 0x00c1
                    00C1    383 _T1IF	=	0x00c1
                    00C2    384 Frandom_from_adc$T2IF$0$0 == 0x00c2
                    00C2    385 _T2IF	=	0x00c2
                    00C3    386 Frandom_from_adc$T3IF$0$0 == 0x00c3
                    00C3    387 _T3IF	=	0x00c3
                    00C4    388 Frandom_from_adc$T4IF$0$0 == 0x00c4
                    00C4    389 _T4IF	=	0x00c4
                    00C5    390 Frandom_from_adc$P0IF$0$0 == 0x00c5
                    00C5    391 _P0IF	=	0x00c5
                    00C6    392 Frandom_from_adc$_IRCON6$0$0 == 0x00c6
                    00C6    393 __IRCON6	=	0x00c6
                    00C7    394 Frandom_from_adc$STIF$0$0 == 0x00c7
                    00C7    395 _STIF	=	0x00c7
                    00D0    396 Frandom_from_adc$P$0$0 == 0x00d0
                    00D0    397 _P	=	0x00d0
                    00D1    398 Frandom_from_adc$F1$0$0 == 0x00d1
                    00D1    399 _F1	=	0x00d1
                    00D2    400 Frandom_from_adc$OV$0$0 == 0x00d2
                    00D2    401 _OV	=	0x00d2
                    00D3    402 Frandom_from_adc$RS0$0$0 == 0x00d3
                    00D3    403 _RS0	=	0x00d3
                    00D4    404 Frandom_from_adc$RS1$0$0 == 0x00d4
                    00D4    405 _RS1	=	0x00d4
                    00D5    406 Frandom_from_adc$F0$0$0 == 0x00d5
                    00D5    407 _F0	=	0x00d5
                    00D6    408 Frandom_from_adc$AC$0$0 == 0x00d6
                    00D6    409 _AC	=	0x00d6
                    00D7    410 Frandom_from_adc$CY$0$0 == 0x00d7
                    00D7    411 _CY	=	0x00d7
                    00D8    412 Frandom_from_adc$T3OVFIF$0$0 == 0x00d8
                    00D8    413 _T3OVFIF	=	0x00d8
                    00D9    414 Frandom_from_adc$T3CH0IF$0$0 == 0x00d9
                    00D9    415 _T3CH0IF	=	0x00d9
                    00DA    416 Frandom_from_adc$T3CH1IF$0$0 == 0x00da
                    00DA    417 _T3CH1IF	=	0x00da
                    00DB    418 Frandom_from_adc$T4OVFIF$0$0 == 0x00db
                    00DB    419 _T4OVFIF	=	0x00db
                    00DC    420 Frandom_from_adc$T4CH0IF$0$0 == 0x00dc
                    00DC    421 _T4CH0IF	=	0x00dc
                    00DD    422 Frandom_from_adc$T4CH1IF$0$0 == 0x00dd
                    00DD    423 _T4CH1IF	=	0x00dd
                    00DE    424 Frandom_from_adc$OVFIM$0$0 == 0x00de
                    00DE    425 _OVFIM	=	0x00de
                    00DF    426 Frandom_from_adc$_TIMIF7$0$0 == 0x00df
                    00DF    427 __TIMIF7	=	0x00df
                    00E0    428 Frandom_from_adc$ACC_0$0$0 == 0x00e0
                    00E0    429 _ACC_0	=	0x00e0
                    00E1    430 Frandom_from_adc$ACC_1$0$0 == 0x00e1
                    00E1    431 _ACC_1	=	0x00e1
                    00E2    432 Frandom_from_adc$ACC_2$0$0 == 0x00e2
                    00E2    433 _ACC_2	=	0x00e2
                    00E3    434 Frandom_from_adc$ACC_3$0$0 == 0x00e3
                    00E3    435 _ACC_3	=	0x00e3
                    00E4    436 Frandom_from_adc$ACC_4$0$0 == 0x00e4
                    00E4    437 _ACC_4	=	0x00e4
                    00E5    438 Frandom_from_adc$ACC_5$0$0 == 0x00e5
                    00E5    439 _ACC_5	=	0x00e5
                    00E6    440 Frandom_from_adc$ACC_6$0$0 == 0x00e6
                    00E6    441 _ACC_6	=	0x00e6
                    00E7    442 Frandom_from_adc$ACC_7$0$0 == 0x00e7
                    00E7    443 _ACC_7	=	0x00e7
                    00E8    444 Frandom_from_adc$P2IF$0$0 == 0x00e8
                    00E8    445 _P2IF	=	0x00e8
                    00E9    446 Frandom_from_adc$UTX0IF$0$0 == 0x00e9
                    00E9    447 _UTX0IF	=	0x00e9
                    00EA    448 Frandom_from_adc$UTX1IF$0$0 == 0x00ea
                    00EA    449 _UTX1IF	=	0x00ea
                    00EB    450 Frandom_from_adc$P1IF$0$0 == 0x00eb
                    00EB    451 _P1IF	=	0x00eb
                    00EC    452 Frandom_from_adc$WDTIF$0$0 == 0x00ec
                    00EC    453 _WDTIF	=	0x00ec
                    00ED    454 Frandom_from_adc$_IRCON25$0$0 == 0x00ed
                    00ED    455 __IRCON25	=	0x00ed
                    00EE    456 Frandom_from_adc$_IRCON26$0$0 == 0x00ee
                    00EE    457 __IRCON26	=	0x00ee
                    00EF    458 Frandom_from_adc$_IRCON27$0$0 == 0x00ef
                    00EF    459 __IRCON27	=	0x00ef
                    00F0    460 Frandom_from_adc$B_0$0$0 == 0x00f0
                    00F0    461 _B_0	=	0x00f0
                    00F1    462 Frandom_from_adc$B_1$0$0 == 0x00f1
                    00F1    463 _B_1	=	0x00f1
                    00F2    464 Frandom_from_adc$B_2$0$0 == 0x00f2
                    00F2    465 _B_2	=	0x00f2
                    00F3    466 Frandom_from_adc$B_3$0$0 == 0x00f3
                    00F3    467 _B_3	=	0x00f3
                    00F4    468 Frandom_from_adc$B_4$0$0 == 0x00f4
                    00F4    469 _B_4	=	0x00f4
                    00F5    470 Frandom_from_adc$B_5$0$0 == 0x00f5
                    00F5    471 _B_5	=	0x00f5
                    00F6    472 Frandom_from_adc$B_6$0$0 == 0x00f6
                    00F6    473 _B_6	=	0x00f6
                    00F7    474 Frandom_from_adc$B_7$0$0 == 0x00f7
                    00F7    475 _B_7	=	0x00f7
                    00F8    476 Frandom_from_adc$U1ACTIVE$0$0 == 0x00f8
                    00F8    477 _U1ACTIVE	=	0x00f8
                    00F9    478 Frandom_from_adc$U1TX_BYTE$0$0 == 0x00f9
                    00F9    479 _U1TX_BYTE	=	0x00f9
                    00FA    480 Frandom_from_adc$U1RX_BYTE$0$0 == 0x00fa
                    00FA    481 _U1RX_BYTE	=	0x00fa
                    00FB    482 Frandom_from_adc$U1ERR$0$0 == 0x00fb
                    00FB    483 _U1ERR	=	0x00fb
                    00FC    484 Frandom_from_adc$U1FE$0$0 == 0x00fc
                    00FC    485 _U1FE	=	0x00fc
                    00FD    486 Frandom_from_adc$U1SLAVE$0$0 == 0x00fd
                    00FD    487 _U1SLAVE	=	0x00fd
                    00FE    488 Frandom_from_adc$U1RE$0$0 == 0x00fe
                    00FE    489 _U1RE	=	0x00fe
                    00FF    490 Frandom_from_adc$U1MODE$0$0 == 0x00ff
                    00FF    491 _U1MODE	=	0x00ff
                            492 ;--------------------------------------------------------
                            493 ; overlayable register banks
                            494 ;--------------------------------------------------------
                            495 	.area REG_BANK_0	(REL,OVR,DATA)
   0000                     496 	.ds 8
                            497 ;--------------------------------------------------------
                            498 ; internal ram data
                            499 ;--------------------------------------------------------
                            500 	.area DSEG    (DATA)
                            501 ;--------------------------------------------------------
                            502 ; overlayable items in internal ram 
                            503 ;--------------------------------------------------------
                            504 	.area OSEG    (OVR,DATA)
                            505 ;--------------------------------------------------------
                            506 ; indirectly addressable internal ram data
                            507 ;--------------------------------------------------------
                            508 	.area ISEG    (DATA)
                            509 ;--------------------------------------------------------
                            510 ; absolute internal ram data
                            511 ;--------------------------------------------------------
                            512 	.area IABS    (ABS,DATA)
                            513 	.area IABS    (ABS,DATA)
                            514 ;--------------------------------------------------------
                            515 ; bit data
                            516 ;--------------------------------------------------------
                            517 	.area BSEG    (BIT)
                            518 ;--------------------------------------------------------
                            519 ; paged external ram data
                            520 ;--------------------------------------------------------
                            521 	.area PSEG    (PAG,XDATA)
                            522 ;--------------------------------------------------------
                            523 ; external ram data
                            524 ;--------------------------------------------------------
                            525 	.area XSEG    (XDATA)
                    DF00    526 Frandom_from_adc$SYNC1$0$0 == 0xdf00
                    DF00    527 _SYNC1	=	0xdf00
                    DF01    528 Frandom_from_adc$SYNC0$0$0 == 0xdf01
                    DF01    529 _SYNC0	=	0xdf01
                    DF02    530 Frandom_from_adc$PKTLEN$0$0 == 0xdf02
                    DF02    531 _PKTLEN	=	0xdf02
                    DF03    532 Frandom_from_adc$PKTCTRL1$0$0 == 0xdf03
                    DF03    533 _PKTCTRL1	=	0xdf03
                    DF04    534 Frandom_from_adc$PKTCTRL0$0$0 == 0xdf04
                    DF04    535 _PKTCTRL0	=	0xdf04
                    DF05    536 Frandom_from_adc$ADDR$0$0 == 0xdf05
                    DF05    537 _ADDR	=	0xdf05
                    DF06    538 Frandom_from_adc$CHANNR$0$0 == 0xdf06
                    DF06    539 _CHANNR	=	0xdf06
                    DF07    540 Frandom_from_adc$FSCTRL1$0$0 == 0xdf07
                    DF07    541 _FSCTRL1	=	0xdf07
                    DF08    542 Frandom_from_adc$FSCTRL0$0$0 == 0xdf08
                    DF08    543 _FSCTRL0	=	0xdf08
                    DF09    544 Frandom_from_adc$FREQ2$0$0 == 0xdf09
                    DF09    545 _FREQ2	=	0xdf09
                    DF0A    546 Frandom_from_adc$FREQ1$0$0 == 0xdf0a
                    DF0A    547 _FREQ1	=	0xdf0a
                    DF0B    548 Frandom_from_adc$FREQ0$0$0 == 0xdf0b
                    DF0B    549 _FREQ0	=	0xdf0b
                    DF0C    550 Frandom_from_adc$MDMCFG4$0$0 == 0xdf0c
                    DF0C    551 _MDMCFG4	=	0xdf0c
                    DF0D    552 Frandom_from_adc$MDMCFG3$0$0 == 0xdf0d
                    DF0D    553 _MDMCFG3	=	0xdf0d
                    DF0E    554 Frandom_from_adc$MDMCFG2$0$0 == 0xdf0e
                    DF0E    555 _MDMCFG2	=	0xdf0e
                    DF0F    556 Frandom_from_adc$MDMCFG1$0$0 == 0xdf0f
                    DF0F    557 _MDMCFG1	=	0xdf0f
                    DF10    558 Frandom_from_adc$MDMCFG0$0$0 == 0xdf10
                    DF10    559 _MDMCFG0	=	0xdf10
                    DF11    560 Frandom_from_adc$DEVIATN$0$0 == 0xdf11
                    DF11    561 _DEVIATN	=	0xdf11
                    DF12    562 Frandom_from_adc$MCSM2$0$0 == 0xdf12
                    DF12    563 _MCSM2	=	0xdf12
                    DF13    564 Frandom_from_adc$MCSM1$0$0 == 0xdf13
                    DF13    565 _MCSM1	=	0xdf13
                    DF14    566 Frandom_from_adc$MCSM0$0$0 == 0xdf14
                    DF14    567 _MCSM0	=	0xdf14
                    DF15    568 Frandom_from_adc$FOCCFG$0$0 == 0xdf15
                    DF15    569 _FOCCFG	=	0xdf15
                    DF16    570 Frandom_from_adc$BSCFG$0$0 == 0xdf16
                    DF16    571 _BSCFG	=	0xdf16
                    DF17    572 Frandom_from_adc$AGCCTRL2$0$0 == 0xdf17
                    DF17    573 _AGCCTRL2	=	0xdf17
                    DF18    574 Frandom_from_adc$AGCCTRL1$0$0 == 0xdf18
                    DF18    575 _AGCCTRL1	=	0xdf18
                    DF19    576 Frandom_from_adc$AGCCTRL0$0$0 == 0xdf19
                    DF19    577 _AGCCTRL0	=	0xdf19
                    DF1A    578 Frandom_from_adc$FREND1$0$0 == 0xdf1a
                    DF1A    579 _FREND1	=	0xdf1a
                    DF1B    580 Frandom_from_adc$FREND0$0$0 == 0xdf1b
                    DF1B    581 _FREND0	=	0xdf1b
                    DF1C    582 Frandom_from_adc$FSCAL3$0$0 == 0xdf1c
                    DF1C    583 _FSCAL3	=	0xdf1c
                    DF1D    584 Frandom_from_adc$FSCAL2$0$0 == 0xdf1d
                    DF1D    585 _FSCAL2	=	0xdf1d
                    DF1E    586 Frandom_from_adc$FSCAL1$0$0 == 0xdf1e
                    DF1E    587 _FSCAL1	=	0xdf1e
                    DF1F    588 Frandom_from_adc$FSCAL0$0$0 == 0xdf1f
                    DF1F    589 _FSCAL0	=	0xdf1f
                    DF23    590 Frandom_from_adc$TEST2$0$0 == 0xdf23
                    DF23    591 _TEST2	=	0xdf23
                    DF24    592 Frandom_from_adc$TEST1$0$0 == 0xdf24
                    DF24    593 _TEST1	=	0xdf24
                    DF25    594 Frandom_from_adc$TEST0$0$0 == 0xdf25
                    DF25    595 _TEST0	=	0xdf25
                    DF2E    596 Frandom_from_adc$PA_TABLE0$0$0 == 0xdf2e
                    DF2E    597 _PA_TABLE0	=	0xdf2e
                    DF2F    598 Frandom_from_adc$IOCFG2$0$0 == 0xdf2f
                    DF2F    599 _IOCFG2	=	0xdf2f
                    DF30    600 Frandom_from_adc$IOCFG1$0$0 == 0xdf30
                    DF30    601 _IOCFG1	=	0xdf30
                    DF31    602 Frandom_from_adc$IOCFG0$0$0 == 0xdf31
                    DF31    603 _IOCFG0	=	0xdf31
                    DF36    604 Frandom_from_adc$PARTNUM$0$0 == 0xdf36
                    DF36    605 _PARTNUM	=	0xdf36
                    DF37    606 Frandom_from_adc$VERSION$0$0 == 0xdf37
                    DF37    607 _VERSION	=	0xdf37
                    DF38    608 Frandom_from_adc$FREQEST$0$0 == 0xdf38
                    DF38    609 _FREQEST	=	0xdf38
                    DF39    610 Frandom_from_adc$LQI$0$0 == 0xdf39
                    DF39    611 _LQI	=	0xdf39
                    DF3A    612 Frandom_from_adc$RSSI$0$0 == 0xdf3a
                    DF3A    613 _RSSI	=	0xdf3a
                    DF3B    614 Frandom_from_adc$MARCSTATE$0$0 == 0xdf3b
                    DF3B    615 _MARCSTATE	=	0xdf3b
                    DF3C    616 Frandom_from_adc$PKTSTATUS$0$0 == 0xdf3c
                    DF3C    617 _PKTSTATUS	=	0xdf3c
                    DF3D    618 Frandom_from_adc$VCO_VC_DAC$0$0 == 0xdf3d
                    DF3D    619 _VCO_VC_DAC	=	0xdf3d
                    DF40    620 Frandom_from_adc$I2SCFG0$0$0 == 0xdf40
                    DF40    621 _I2SCFG0	=	0xdf40
                    DF41    622 Frandom_from_adc$I2SCFG1$0$0 == 0xdf41
                    DF41    623 _I2SCFG1	=	0xdf41
                    DF42    624 Frandom_from_adc$I2SDATL$0$0 == 0xdf42
                    DF42    625 _I2SDATL	=	0xdf42
                    DF43    626 Frandom_from_adc$I2SDATH$0$0 == 0xdf43
                    DF43    627 _I2SDATH	=	0xdf43
                    DF44    628 Frandom_from_adc$I2SWCNT$0$0 == 0xdf44
                    DF44    629 _I2SWCNT	=	0xdf44
                    DF45    630 Frandom_from_adc$I2SSTAT$0$0 == 0xdf45
                    DF45    631 _I2SSTAT	=	0xdf45
                    DF46    632 Frandom_from_adc$I2SCLKF0$0$0 == 0xdf46
                    DF46    633 _I2SCLKF0	=	0xdf46
                    DF47    634 Frandom_from_adc$I2SCLKF1$0$0 == 0xdf47
                    DF47    635 _I2SCLKF1	=	0xdf47
                    DF48    636 Frandom_from_adc$I2SCLKF2$0$0 == 0xdf48
                    DF48    637 _I2SCLKF2	=	0xdf48
                    DE00    638 Frandom_from_adc$USBADDR$0$0 == 0xde00
                    DE00    639 _USBADDR	=	0xde00
                    DE01    640 Frandom_from_adc$USBPOW$0$0 == 0xde01
                    DE01    641 _USBPOW	=	0xde01
                    DE02    642 Frandom_from_adc$USBIIF$0$0 == 0xde02
                    DE02    643 _USBIIF	=	0xde02
                    DE04    644 Frandom_from_adc$USBOIF$0$0 == 0xde04
                    DE04    645 _USBOIF	=	0xde04
                    DE06    646 Frandom_from_adc$USBCIF$0$0 == 0xde06
                    DE06    647 _USBCIF	=	0xde06
                    DE07    648 Frandom_from_adc$USBIIE$0$0 == 0xde07
                    DE07    649 _USBIIE	=	0xde07
                    DE09    650 Frandom_from_adc$USBOIE$0$0 == 0xde09
                    DE09    651 _USBOIE	=	0xde09
                    DE0B    652 Frandom_from_adc$USBCIE$0$0 == 0xde0b
                    DE0B    653 _USBCIE	=	0xde0b
                    DE0C    654 Frandom_from_adc$USBFRML$0$0 == 0xde0c
                    DE0C    655 _USBFRML	=	0xde0c
                    DE0D    656 Frandom_from_adc$USBFRMH$0$0 == 0xde0d
                    DE0D    657 _USBFRMH	=	0xde0d
                    DE0E    658 Frandom_from_adc$USBINDEX$0$0 == 0xde0e
                    DE0E    659 _USBINDEX	=	0xde0e
                    DE10    660 Frandom_from_adc$USBMAXI$0$0 == 0xde10
                    DE10    661 _USBMAXI	=	0xde10
                    DE11    662 Frandom_from_adc$USBCSIL$0$0 == 0xde11
                    DE11    663 _USBCSIL	=	0xde11
                    DE12    664 Frandom_from_adc$USBCSIH$0$0 == 0xde12
                    DE12    665 _USBCSIH	=	0xde12
                    DE13    666 Frandom_from_adc$USBMAXO$0$0 == 0xde13
                    DE13    667 _USBMAXO	=	0xde13
                    DE14    668 Frandom_from_adc$USBCSOL$0$0 == 0xde14
                    DE14    669 _USBCSOL	=	0xde14
                    DE15    670 Frandom_from_adc$USBCSOH$0$0 == 0xde15
                    DE15    671 _USBCSOH	=	0xde15
                    DE16    672 Frandom_from_adc$USBCNTL$0$0 == 0xde16
                    DE16    673 _USBCNTL	=	0xde16
                    DE17    674 Frandom_from_adc$USBCNTH$0$0 == 0xde17
                    DE17    675 _USBCNTH	=	0xde17
                    DE20    676 Frandom_from_adc$USBF0$0$0 == 0xde20
                    DE20    677 _USBF0	=	0xde20
                    DE22    678 Frandom_from_adc$USBF1$0$0 == 0xde22
                    DE22    679 _USBF1	=	0xde22
                    DE24    680 Frandom_from_adc$USBF2$0$0 == 0xde24
                    DE24    681 _USBF2	=	0xde24
                    DE26    682 Frandom_from_adc$USBF3$0$0 == 0xde26
                    DE26    683 _USBF3	=	0xde26
                    DE28    684 Frandom_from_adc$USBF4$0$0 == 0xde28
                    DE28    685 _USBF4	=	0xde28
                    DE2A    686 Frandom_from_adc$USBF5$0$0 == 0xde2a
                    DE2A    687 _USBF5	=	0xde2a
                            688 ;--------------------------------------------------------
                            689 ; absolute external ram data
                            690 ;--------------------------------------------------------
                            691 	.area XABS    (ABS,XDATA)
                            692 ;--------------------------------------------------------
                            693 ; external initialized ram data
                            694 ;--------------------------------------------------------
                            695 	.area XISEG   (XDATA)
                            696 	.area HOME    (CODE)
                            697 	.area GSINIT0 (CODE)
                            698 	.area GSINIT1 (CODE)
                            699 	.area GSINIT2 (CODE)
                            700 	.area GSINIT3 (CODE)
                            701 	.area GSINIT4 (CODE)
                            702 	.area GSINIT5 (CODE)
                            703 	.area GSINIT  (CODE)
                            704 	.area GSFINAL (CODE)
                            705 	.area CSEG    (CODE)
                            706 ;--------------------------------------------------------
                            707 ; global & static initialisations
                            708 ;--------------------------------------------------------
                            709 	.area HOME    (CODE)
                            710 	.area GSINIT  (CODE)
                            711 	.area GSFINAL (CODE)
                            712 	.area GSINIT  (CODE)
                            713 ;--------------------------------------------------------
                            714 ; Home
                            715 ;--------------------------------------------------------
                            716 	.area HOME    (CODE)
                            717 	.area HOME    (CODE)
                            718 ;--------------------------------------------------------
                            719 ; code
                            720 ;--------------------------------------------------------
                            721 	.area CSEG    (CODE)
                            722 ;------------------------------------------------------------
                            723 ;Allocation info for local variables in function 'adcReadTemp'
                            724 ;------------------------------------------------------------
                    0000    725 	Frandom_from_adc$adcReadTemp$0$0 ==.
                    0000    726 	C$random_from_adc.c$9$0$0 ==.
                            727 ;	libraries/src/random/random_from_adc.c:9: static uint8 adcReadTemp(void)
                            728 ;	-----------------------------------------
                            729 ;	 function adcReadTemp
                            730 ;	-----------------------------------------
   0000                     731 _adcReadTemp:
                    0007    732 	ar7 = 0x07
                    0006    733 	ar6 = 0x06
                    0005    734 	ar5 = 0x05
                    0004    735 	ar4 = 0x04
                    0003    736 	ar3 = 0x03
                    0002    737 	ar2 = 0x02
                    0001    738 	ar1 = 0x01
                    0000    739 	ar0 = 0x00
                    0000    740 	C$random_from_adc.c$11$1$1 ==.
                            741 ;	libraries/src/random/random_from_adc.c:11: ADCIF = 0;               // Clear the flag.
   0000 C2 8D               742 	clr	_ADCIF
                    0002    743 	C$random_from_adc.c$12$1$1 ==.
                            744 ;	libraries/src/random/random_from_adc.c:12: ADCCON3 = 0b10001110;    // Read the temperature sensor using VDD as a reference, with only 7 bits of resolution.
   0002 75 B6 8E            745 	mov	_ADCCON3,#0x8E
                    0005    746 	C$random_from_adc.c$13$1$1 ==.
                            747 ;	libraries/src/random/random_from_adc.c:13: while(!ADCIF){};         // Wait for the reading to finish.
   0005                     748 00101$:
   0005 30 8D FD            749 	jnb	_ADCIF,00101$
                    0008    750 	C$random_from_adc.c$14$1$1 ==.
                            751 ;	libraries/src/random/random_from_adc.c:14: return ADCL;
   0008 85 BA 82            752 	mov	dpl,_ADCL
                    000B    753 	C$random_from_adc.c$15$1$1 ==.
                    000B    754 	XFrandom_from_adc$adcReadTemp$0$0 ==.
   000B 22                  755 	ret
                            756 ;------------------------------------------------------------
                            757 ;Allocation info for local variables in function 'randomSeedFromAdc'
                            758 ;------------------------------------------------------------
                    000C    759 	G$randomSeedFromAdc$0$0 ==.
                    000C    760 	C$random_from_adc.c$17$1$1 ==.
                            761 ;	libraries/src/random/random_from_adc.c:17: void randomSeedFromAdc(void)
                            762 ;	-----------------------------------------
                            763 ;	 function randomSeedFromAdc
                            764 ;	-----------------------------------------
   000C                     765 _randomSeedFromAdc:
                    000C    766 	C$random_from_adc.c$19$1$1 ==.
                            767 ;	libraries/src/random/random_from_adc.c:19: randomSeed(adcReadTemp(), adcReadTemp());
   000C 12s00r00            768 	lcall	_adcReadTemp
   000F AF 82               769 	mov	r7,dpl
   0011 C0 07               770 	push	ar7
   0013 12s00r00            771 	lcall	_adcReadTemp
   0016 AE 82               772 	mov	r6,dpl
   0018 D0 07               773 	pop	ar7
   001A 78r00               774 	mov	r0,#_randomSeed_PARM_2
   001C EE                  775 	mov	a,r6
   001D F2                  776 	movx	@r0,a
   001E 8F 82               777 	mov	dpl,r7
   0020 12s00r00            778 	lcall	_randomSeed
                    0023    779 	C$random_from_adc.c$20$1$1 ==.
                    0023    780 	XG$randomSeedFromAdc$0$0 ==.
   0023 22                  781 	ret
                            782 	.area CSEG    (CODE)
                            783 	.area CONST   (CODE)
                            784 	.area XINIT   (CODE)
                            785 	.area CABS    (ABS,CODE)
